<?xml version="1.0" encoding="UTF-8"?>
<robot generator="Robot 5.0 (Python 3.10.1 on win32)" generated="20220325 13:52:31.127" rpa="false" schemaversion="3">
<suite id="s1" name="Robot Interactive Console" source="c:\Users\user\.vscode\extensions\robocorp.robotframework-lsp-0.42.0\src\robotframework_ls\vendored\robotframework_interactive\robot_interactive_console.robot">
<test id="s1-t1" name="Default Task/Test" line="5">
<kw name="Interpreter Main Loop" library="MainLoop">
<kw name="Set Variable" library="BuiltIn">
<var>${navigate_frame}</var>
<arg>xpath://*[@id='master-1']</arg>
<doc>Returns the given values which can then be assigned to a variables.</doc>
<msg timestamp="20220325 13:52:40.723" level="INFO">${navigate_frame} = xpath://*[@id='master-1']</msg>
<status status="PASS" starttime="20220325 13:52:40.722" endtime="20220325 13:52:40.723"/>
</kw>
<kw name="Set Browser Implicit Wait">
<arg>30</arg>
<msg timestamp="20220325 13:52:40.725" level="FAIL">No keyword with name 'Set Browser Implicit Wait' found.</msg>
<status status="FAIL" starttime="20220325 13:52:40.725" endtime="20220325 13:52:40.725"/>
</kw>
<kw name="Sleep" library="BuiltIn">
<arg>5</arg>
<doc>Pauses the test executed for the given time.</doc>
<status status="NOT RUN" starttime="20220325 13:52:40.726" endtime="20220325 13:52:40.726"/>
</kw>
<kw name="Reload Page">
<status status="NOT RUN" starttime="20220325 13:52:40.728" endtime="20220325 13:52:40.728"/>
</kw>
<kw name="Select Frame">
<arg>${navigate_frame}</arg>
<status status="NOT RUN" starttime="20220325 13:52:40.731" endtime="20220325 13:52:40.731"/>
</kw>
<kw name="Click Element">
<arg>${navigate}</arg>
<status status="NOT RUN" starttime="20220325 13:52:40.733" endtime="20220325 13:52:40.733"/>
</kw>
<status status="PASS" starttime="20220325 13:52:31.232" endtime="20220325 13:53:06.227"/>
</kw>
<status status="PASS" starttime="20220325 13:52:31.231" endtime="20220325 13:53:06.227"/>
</test>
<status status="PASS" starttime="20220325 13:52:31.137" endtime="20220325 13:53:06.230"/>
</suite>
<statistics>
<total>
<stat pass="1" fail="0" skip="0">All Tests</stat>
</total>
<tag>
</tag>
<suite>
<stat pass="1" fail="0" skip="0" id="s1" name="Robot Interactive Console">Robot Interactive Console</stat>
</suite>
</statistics>
<errors>
</errors>
</robot>
